<?xml version="1.0" encoding="UTF-8"?>
<testsuite xmlns:xsi="http://www.w3.org/2001/XMLSchema-instance" xsi:noNamespaceSchemaLocation="https://maven.apache.org/surefire/maven-surefire-plugin/xsd/surefire-test-report.xsd" name="runner.TestMyRuuner" time="75.003" tests="14" errors="1" skipped="0" failures="0">
  <properties>
[...]
</properties>
  <testcase name="user verify the logo of the application" classname="Logo functionality" time="5.406"/>
  <testcase name="user login with valid credentials" classname="Login functionality" time="5.768"/>
  <testcase name="user login with valid email and invalid password" classname="Login functionality" time="5.271"/>
  <testcase name="user login with invalid email address and valid password" classname="Login functionality" time="5.239"/>
  <testcase name="user login with invalid email address and invalid password" classname="Login functionality" time="5.269"/>
  <testcase name="user without providing any credentials" classname="Login functionality" time="5.004"/>
  <testcase name="user creates the account with mandatory fileds" classname="Registerpage functionality" time="6.248"/>
  <testcase name="user creates the acoount with all feilds" classname="Registerpage functionality" time="6.47"/>
  <testcase name="user creates dupilicate account" classname="Registerpage functionality" time="6.824"/>
  <testcase name="user craetes the account without filling any fields" classname="Registerpage functionality" time="6.401"/>
  <testcase name="user searches the valid product" classname="Search Functionality" time="4.791"/>
  <testcase name="user searches the invalid product" classname="Search Functionality" time="4.087"/>
  <testcase name="user searche without enter product name" classname="Search Functionality" time="5.372"/>
  <testcase name="runner.TestMyRuuner" classname="runner.TestMyRuuner" time="7.114">
    <error message="java.io.IOException: HTTP request failed:&#10;&gt; GET https://messages.cucumber.io/api/reports&#10;&lt; HTTP/1.1 401 Unauthorized&#10;&lt; X-Cache: Error from cloudfront&#10;&lt; x-amz-apigw-id: NCIjdFz5iGYFjHA=&#10;&lt; Access-Control-Allow-Origin: https://reports.cucumber.io&#10;&lt; Access-Control-Allow-Methods: GET&#10;&lt; X-Amz-Cf-Pop: HYD57-P1&#10;&lt; Connection: keep-alive&#10;&lt; Date: Thu, 19 Oct 2023 05:13:06 GMT&#10;&lt; Access-Control-Allow-Headers: Content-Type,Authorization,X-Amz-Date,X-Api-Key,X-Amz-Security-Token&#10;&lt; X-Amzn-Trace-Id: Root=1-6530bae2-338b6cba473834a21df60fc4;Sampled=0;lineage=d7df4ace:0&#10;&lt; Via: 1.1 438ce1201c818ab71df504c706226802.cloudfront.net (CloudFront)&#10;&lt; Cache-Control: private, no-cache, no-store, must-revalidate&#10;&lt; Access-Control-Allow-Credentials: true&#10;&lt; x-amzn-RequestId: d3c9f864-995d-40d1-b519-dba363f7e560&#10;&lt; X-Amz-Cf-Id: N1LUoTT24J0FEI-61ITzEBXjFPeHP8tLSma0GW7FPrDIqewoN1yq3w==&#10;&lt; Content-Length: 875&#10;&lt; Content-Type: text/plain; charset=UTF-8&#10;&amp;#27;[31m&amp;#27;[1m┌─────────────────────────────────────────────────────────────────────────────────────────────┐&amp;#27;[0m&#10;&amp;#27;[31m&amp;#27;[1m│&amp;#27;[0m Invalid CUCUMBER_PUBLISH_TOKEN: &amp;#27;[1mCUCUMBER_PUBLISH_TOKEN=54abb800-7cea-44ab-8ed4-bb72715838c0&amp;#27;[0m &amp;#27;[31m&amp;#27;[1m│&amp;#27;[0m&#10;&amp;#27;[31m&amp;#27;[1m│&amp;#27;[0m Go to &amp;#27;[1m&amp;#27;[36m&amp;#27;[4mhttps://reports.cucumber.io/profile&amp;#27;[0m to get your token.                                &amp;#27;[31m&amp;#27;[1m│&amp;#27;[0m&#10;&amp;#27;[31m&amp;#27;[1m└─────────────────────────────────────────────────────────────────────────────────────────────┘&amp;#27;[0m" type="java.lang.RuntimeException"><![CDATA[java.lang.RuntimeException: 
java.io.IOException: HTTP request failed:
> GET https://messages.cucumber.io/api/reports
< HTTP/1.1 401 Unauthorized
< X-Cache: Error from cloudfront
< x-amz-apigw-id: NCIjdFz5iGYFjHA=
< Access-Control-Allow-Origin: https://reports.cucumber.io
< Access-Control-Allow-Methods: GET
< X-Amz-Cf-Pop: HYD57-P1
< Connection: keep-alive
< Date: Thu, 19 Oct 2023 05:13:06 GMT
< Access-Control-Allow-Headers: Content-Type,Authorization,X-Amz-Date,X-Api-Key,X-Amz-Security-Token
< X-Amzn-Trace-Id: Root=1-6530bae2-338b6cba473834a21df60fc4;Sampled=0;lineage=d7df4ace:0
< Via: 1.1 438ce1201c818ab71df504c706226802.cloudfront.net (CloudFront)
< Cache-Control: private, no-cache, no-store, must-revalidate
< Access-Control-Allow-Credentials: true
< x-amzn-RequestId: d3c9f864-995d-40d1-b519-dba363f7e560
< X-Amz-Cf-Id: N1LUoTT24J0FEI-61ITzEBXjFPeHP8tLSma0GW7FPrDIqewoN1yq3w==
< Content-Length: 875
< Content-Type: text/plain; charset=UTF-8
&amp#27;[31m&amp#27;[1m┌─────────────────────────────────────────────────────────────────────────────────────────────┐&amp#27;[0m
&amp#27;[31m&amp#27;[1m│&amp#27;[0m Invalid CUCUMBER_PUBLISH_TOKEN: &amp#27;[1mCUCUMBER_PUBLISH_TOKEN=54abb800-7cea-44ab-8ed4-bb72715838c0&amp#27;[0m &amp#27;[31m&amp#27;[1m│&amp#27;[0m
&amp#27;[31m&amp#27;[1m│&amp#27;[0m Go to &amp#27;[1m&amp#27;[36m&amp#27;[4mhttps://reports.cucumber.io/profile&amp#27;[0m to get your token.                                &amp#27;[31m&amp#27;[1m│&amp#27;[0m
&amp#27;[31m&amp#27;[1m└─────────────────────────────────────────────────────────────────────────────────────────────┘&amp#27;[0m
Caused by: java.io.IOException: 
HTTP request failed:
> GET https://messages.cucumber.io/api/reports
< HTTP/1.1 401 Unauthorized
< X-Cache: Error from cloudfront
< x-amz-apigw-id: NCIjdFz5iGYFjHA=
< Access-Control-Allow-Origin: https://reports.cucumber.io
< Access-Control-Allow-Methods: GET
< X-Amz-Cf-Pop: HYD57-P1
< Connection: keep-alive
< Date: Thu, 19 Oct 2023 05:13:06 GMT
< Access-Control-Allow-Headers: Content-Type,Authorization,X-Amz-Date,X-Api-Key,X-Amz-Security-Token
< X-Amzn-Trace-Id: Root=1-6530bae2-338b6cba473834a21df60fc4;Sampled=0;lineage=d7df4ace:0
< Via: 1.1 438ce1201c818ab71df504c706226802.cloudfront.net (CloudFront)
< Cache-Control: private, no-cache, no-store, must-revalidate
< Access-Control-Allow-Credentials: true
< x-amzn-RequestId: d3c9f864-995d-40d1-b519-dba363f7e560
< X-Amz-Cf-Id: N1LUoTT24J0FEI-61ITzEBXjFPeHP8tLSma0GW7FPrDIqewoN1yq3w==
< Content-Length: 875
< Content-Type: text/plain; charset=UTF-8
&amp#27;[31m&amp#27;[1m┌─────────────────────────────────────────────────────────────────────────────────────────────┐&amp#27;[0m
&amp#27;[31m&amp#27;[1m│&amp#27;[0m Invalid CUCUMBER_PUBLISH_TOKEN: &amp#27;[1mCUCUMBER_PUBLISH_TOKEN=54abb800-7cea-44ab-8ed4-bb72715838c0&amp#27;[0m &amp#27;[31m&amp#27;[1m│&amp#27;[0m
&amp#27;[31m&amp#27;[1m│&amp#27;[0m Go to &amp#27;[1m&amp#27;[36m&amp#27;[4mhttps://reports.cucumber.io/profile&amp#27;[0m to get your token.                                &amp#27;[31m&amp#27;[1m│&amp#27;[0m
&amp#27;[31m&amp#27;[1m└─────────────────────────────────────────────────────────────────────────────────────────────┘&amp#27;[0m
]]></error>
  </testcase>
</testsuite>